[0530/111815.607:ERROR:process_memory_win.cc(73)] ReadMemory at 0x2178d1151c0 of 72 bytes failed: Only part of a ReadProcessMemory or WriteProcessMemory request was completed. (0x12B)
[0530/111815.607:WARNING:pe_image_annotations_reader.cc(134)] could not read annotations list object in C:\Program Files (x86)\Google\Chrome\Application\83.0.4103.61\chrome_elf.dll
[0530/111815.608:ERROR:process_memory_win.cc(73)] ReadMemory at 0x2178d7060e0 of 72 bytes failed: Only part of a ReadProcessMemory or WriteProcessMemory request was completed. (0x12B)
[0530/111815.608:WARNING:pe_image_annotations_reader.cc(134)] could not read annotations list object in C:\Program Files (x86)\Google\Chrome\Application\83.0.4103.61\chrome.dll
[0530/111815.614:ERROR:process_memory_win.cc(73)] ReadMemory at 0x7ff69cda0000 of 64 bytes failed: Only part of a ReadProcessMemory or WriteProcessMemory request was completed. (0x12B)
[0530/111815.622:WARNING:pe_image_reader.cc(340)] could not read dos header from C:\Program Files (x86)\Google\Chrome\Application\chrome.exe
[0530/111815.622:ERROR:process_memory_win.cc(73)] ReadMemory at 0x7ffb53340000 of 64 bytes failed: Only part of a ReadProcessMemory or WriteProcessMemory request was completed. (0x12B)
[0530/111815.622:WARNING:pe_image_reader.cc(340)] could not read dos header from C:\Windows\SYSTEM32\ntdll.dll
[0530/111815.622:ERROR:process_memory_win.cc(73)] ReadMemory at 0x7ffb525f0000 of 64 bytes failed: Only part of a ReadProcessMemory or WriteProcessMemory request was completed. (0x12B)
[0530/111815.622:WARNING:pe_image_reader.cc(340)] could not read dos header from C:\Windows\System32\KERNEL32.DLL
[0530/111815.622:ERROR:process_memory_win.cc(73)] ReadMemory at 0x7ffb50740000 of 64 bytes failed: Only part of a ReadProcessMemory or WriteProcessMemory request was completed. (0x12B)
[0530/111815.622:WARNING:pe_image_reader.cc(340)] could not read dos header from C:\Windows\System32\KERNELBASE.dll
[0530/111815.622:ERROR:process_memory_win.cc(73)] ReadMemory at 0x7ffb0ed30000 of 64 bytes failed: Only part of a ReadProcessMemory or WriteProcessMemory request was completed. (0x12B)
[0530/111815.622:WARNING:pe_image_reader.cc(340)] could not read dos header from C:\Program Files (x86)\Google\Chrome\Application\83.0.4103.61\chrome_elf.dll
[0530/111815.622:ERROR:process_memory_win.cc(73)] ReadMemory at 0x7ffb43210000 of 64 bytes failed: Only part of a ReadProcessMemory or WriteProcessMemory request was completed. (0x12B)
[0530/111815.622:WARNING:pe_image_reader.cc(340)] could not read dos header from C:\Windows\SYSTEM32\VERSION.dll
[0530/111815.622:ERROR:process_memory_win.cc(73)] ReadMemory at 0x7ffb513f0000 of 64 bytes failed: Only part of a ReadProcessMemory or WriteProcessMemory request was completed. (0x12B)
[0530/111815.622:WARNING:pe_image_reader.cc(340)] could not read dos header from C:\Windows\System32\msvcrt.dll
[0530/111815.622:ERROR:process_memory_win.cc(73)] ReadMemory at 0x7ffb51370000 of 64 bytes failed: Only part of a ReadProcessMemory or WriteProcessMemory request was completed. (0x12B)
[0530/111815.622:WARNING:pe_image_reader.cc(340)] could not read dos header from C:\Windows\System32\bcryptPrimitives.dll
[0530/111815.623:ERROR:process_memory_win.cc(73)] ReadMemory at 0x7ffb523c0000 of 64 bytes failed: Only part of a ReadProcessMemory or WriteProcessMemory request was completed. (0x12B)
[0530/111815.623:WARNING:pe_image_reader.cc(340)] could not read dos header from C:\Windows\System32\ADVAPI32.dll
[0530/111815.623:ERROR:process_memory_win.cc(73)] ReadMemory at 0x7ffb52ff0000 of 64 bytes failed: Only part of a ReadProcessMemory or WriteProcessMemory request was completed. (0x12B)
[0530/111815.623:WARNING:pe_image_reader.cc(340)] could not read dos header from C:\Windows\System32\sechost.dll
[0530/111815.623:ERROR:process_memory_win.cc(73)] ReadMemory at 0x7ffb51a80000 of 64 bytes failed: Only part of a ReadProcessMemory or WriteProcessMemory request was completed. (0x12B)
[0530/111815.623:WARNING:pe_image_reader.cc(340)] could not read dos header from C:\Windows\System32\RPCRT4.dll
[0530/111815.623:ERROR:process_memory_win.cc(73)] ReadMemory at 0x7ffb01e60000 of 64 bytes failed: Only part of a ReadProcessMemory or WriteProcessMemory request was completed. (0x12B)
[0530/111815.623:WARNING:pe_image_reader.cc(340)] could not read dos header from C:\Program Files (x86)\Google\Chrome\Application\83.0.4103.61\chrome.dll
[0530/111815.623:ERROR:process_memory_win.cc(73)] ReadMemory at 0x7ffb52f80000 of 64 bytes failed: Only part of a ReadProcessMemory or WriteProcessMemory request was completed. (0x12B)
[0530/111815.623:WARNING:pe_image_reader.cc(340)] could not read dos header from C:\Windows\System32\WS2_32.dll
[0530/111815.623:ERROR:process_memory_win.cc(73)] ReadMemory at 0x7ffb527c0000 of 64 bytes failed: Only part of a ReadProcessMemory or WriteProcessMemory request was completed. (0x12B)
[0530/111815.623:WARNING:pe_image_reader.cc(340)] could not read dos header from C:\Windows\System32\OLEAUT32.dll
[0530/111815.623:ERROR:process_memory_win.cc(73)] ReadMemory at 0x7ffb50ad0000 of 64 bytes failed: Only part of a ReadProcessMemory or WriteProcessMemory request was completed. (0x12B)
[0530/111815.623:WARNING:pe_image_reader.cc(340)] could not read dos header from C:\Windows\System32\msvcp_win.dll
[0530/111815.623:ERROR:process_memory_win.cc(73)] ReadMemory at 0x7ffb50420000 of 64 bytes failed: Only part of a ReadProcessMemory or WriteProcessMemory request was completed. (0x12B)
[0530/111815.623:WARNING:pe_image_reader.cc(340)] could not read dos header from C:\Windows\System32\ucrtbase.dll
[0530/111815.623:ERROR:process_memory_win.cc(73)] ReadMemory at 0x7ffb52060000 of 64 bytes failed: Only part of a ReadProcessMemory or WriteProcessMemory request was completed. (0x12B)
[0530/111815.623:WARNING:pe_image_reader.cc(340)] could not read dos header from C:\Windows\System32\combase.dll
[0530/111815.623:ERROR:process_memory_win.cc(73)] ReadMemory at 0x7ffb50b70000 of 64 bytes failed: Only part of a ReadProcessMemory or WriteProcessMemory request was completed. (0x12B)
[0530/111815.623:WARNING:pe_image_reader.cc(340)] could not read dos header from C:\Windows\System32\WINTRUST.dll
[0530/111815.623:ERROR:process_memory_win.cc(73)] ReadMemory at 0x7ffb50210000 of 64 bytes failed: Only part of a ReadProcessMemory or WriteProcessMemory request was completed. (0x12B)
[0530/111815.623:WARNING:pe_image_reader.cc(340)] could not read dos header from C:\Windows\System32\MSASN1.dll
[0530/111815.623:ERROR:process_memory_win.cc(73)] ReadMemory at 0x7ffb502d0000 of 64 bytes failed: Only part of a ReadProcessMemory or WriteProcessMemory request was completed. (0x12B)
[0530/111815.623:WARNING:pe_image_reader.cc(340)] could not read dos header from C:\Windows\System32\CRYPT32.dll
[0530/111815.623:ERROR:process_memory_win.cc(73)] ReadMemory at 0x7ffb4f780000 of 64 bytes failed: Only part of a ReadProcessMemory or WriteProcessMemory request was completed. (0x12B)
[0530/111815.627:WARNING:pe_image_reader.cc(340)] could not read dos header from C:\Windows\SYSTEM32\IPHLPAPI.DLL
[0530/111815.627:ERROR:process_memory_win.cc(73)] ReadMemory at 0x7ffb4cc60000 of 64 bytes failed: Only part of a ReadProcessMemory or WriteProcessMemory request was completed. (0x12B)
[0530/111815.627:WARNING:pe_image_reader.cc(340)] could not read dos header from C:\Windows\SYSTEM32\WINMM.dll
[0530/111815.627:ERROR:process_memory_win.cc(73)] ReadMemory at 0x7ffb40f40000 of 64 bytes failed: Only part of a ReadProcessMemory or WriteProcessMemory request was completed. (0x12B)
[0530/111815.627:WARNING:pe_image_reader.cc(340)] could not read dos header from C:\Windows\SYSTEM32\Secur32.dll
[0530/111815.628:ERROR:process_memory_win.cc(73)] ReadMemory at 0x7ffb50120000 of 64 bytes failed: Only part of a ReadProcessMemory or WriteProcessMemory request was completed. (0x12B)
[0530/111815.628:WARNING:pe_image_reader.cc(340)] could not read dos header from C:\Windows\SYSTEM32\USERENV.dll
[0530/111815.628:ERROR:process_memory_win.cc(73)] ReadMemory at 0x7ffb50250000 of 64 bytes failed: Only part of a ReadProcessMemory or WriteProcessMemory request was completed. (0x12B)
[0530/111815.628:WARNING:pe_image_reader.cc(340)] could not read dos header from C:\Windows\System32\profapi.dll
[0530/111815.629:ERROR:process_memory_win.cc(73)] ReadMemory at 0x7ffb2c470000 of 64 bytes failed: Only part of a ReadProcessMemory or WriteProcessMemory request was completed. (0x12B)
[0530/111815.629:WARNING:pe_image_reader.cc(340)] could not read dos header from C:\Windows\SYSTEM32\UIAutomationCore.DLL
[0530/111815.629:ERROR:process_memory_win.cc(73)] ReadMemory at 0x7ffb3df30000 of 64 bytes failed: Only part of a ReadProcessMemory or WriteProcessMemory request was completed. (0x12B)
[0530/111815.629:WARNING:pe_image_reader.cc(340)] could not read dos header from C:\Windows\SYSTEM32\DWrite.dll
[0530/111815.629:ERROR:process_memory_win.cc(73)] ReadMemory at 0x7ffb42250000 of 64 bytes failed: Only part of a ReadProcessMemory or WriteProcessMemory request was completed. (0x12B)
[0530/111815.629:WARNING:pe_image_reader.cc(340)] could not read dos header from C:\Windows\SYSTEM32\WINSPOOL.DRV
[0530/111815.629:ERROR:process_memory_win.cc(73)] ReadMemory at 0x7ffb50230000 of 64 bytes failed: Only part of a ReadProcessMemory or WriteProcessMemory request was completed. (0x12B)
[0530/111815.629:WARNING:pe_image_reader.cc(340)] could not read dos header from C:\Windows\System32\kernel.appcore.dll
[0530/111815.629:ERROR:process_memory_win.cc(73)] ReadMemory at 0x7ffb509f0000 of 64 bytes failed: Only part of a ReadProcessMemory or WriteProcessMemory request was completed. (0x12B)
[0530/111815.629:WARNING:pe_image_reader.cc(340)] could not read dos header from C:\Windows\System32\bcrypt.dll
[0530/111815.629:ERROR:process_memory_win.cc(73)] ReadMemory at 0x7ffb3b980000 of 64 bytes failed: Only part of a ReadProcessMemory or WriteProcessMemory request was completed. (0x12B)
[0530/111815.629:WARNING:pe_image_reader.cc(340)] could not read dos header from C:\Windows\SYSTEM32\dbghelp.dll
[0530/111815.629:ERROR:process_memory_win.cc(73)] ReadMemory at 0x7ffb43790000 of 64 bytes failed: Only part of a ReadProcessMemory or WriteProcessMemory request was completed. (0x12B)
[0530/111815.629:WARNING:pe_image_reader.cc(340)] could not read dos header from C:\Windows\SYSTEM32\WINHTTP.dll
[0530/111815.629:ERROR:process_memory_win.cc(73)] ReadMemory at 0x7ffb44580000 of 64 bytes failed: Only part of a ReadProcessMemory or WriteProcessMemory request was completed. (0x12B)
[0530/111815.629:WARNING:pe_image_reader.cc(340)] could not read dos header from C:\Windows\SYSTEM32\dhcpcsvc.DLL
[0530/111815.629:ERROR:process_memory_win.cc(73)] ReadMemory at 0x7ffb523b0000 of 64 bytes failed: Only part of a ReadProcessMemory or WriteProcessMemory request was completed. (0x12B)
[0530/111815.629:WARNING:pe_image_reader.cc(340)] could not read dos header from C:\Windows\System32\NSI.dll
[0530/111815.629:ERROR:process_memory_win.cc(73)] ReadMemory at 0x7ffb4cc30000 of 64 bytes failed: Only part of a ReadProcessMemory or WriteProcessMemory request was completed. (0x12B)
[0530/111815.629:WARNING:pe_image_reader.cc(340)] could not read dos header from C:\Windows\SYSTEM32\WINMMBASE.dll
[0530/111815.629:ERROR:process_memory_win.cc(73)] ReadMemory at 0x7ffb506f0000 of 64 bytes failed: Only part of a ReadProcessMemory or WriteProcessMemory request was completed. (0x12B)
[0530/111815.629:WARNING:pe_image_reader.cc(340)] could not read dos header from C:\Windows\System32\cfgmgr32.dll
[0530/111815.629:ERROR:process_memory_win.cc(73)] ReadMemory at 0x7ffb4c960000 of 64 bytes failed: Only part of a ReadProcessMemory or WriteProcessMemory request was completed. (0x12B)
[0530/111815.629:WARNING:pe_image_reader.cc(340)] could not read dos header from C:\Windows\SYSTEM32\PROPSYS.dll
[0530/111815.630:ERROR:process_memory_win.cc(73)] ReadMemory at 0x7ffb531d0000 of 64 bytes failed: Only part of a ReadProcessMemory or WriteProcessMemory request was completed. (0x12B)
[0530/111815.630:WARNING:pe_image_reader.cc(340)] could not read dos header from C:\Windows\System32\shcore.dll
[0530/111815.630:ERROR:process_memory_win.cc(73)] ReadMemory at 0x7ffb500f0000 of 64 bytes failed: Only part of a ReadProcessMemory or WriteProcessMemory request was completed. (0x12B)
[0530/111815.630:WARNING:pe_image_reader.cc(340)] could not read dos header from C:\Windows\SYSTEM32\SSPICLI.DLL
[0530/111815.630:ERROR:process_memory_win.cc(73)] ReadMemory at 0x7ffb52890000 of 64 bytes failed: Only part of a ReadProcessMemory or WriteProcessMemory request was completed. (0x12B)
[0530/111815.630:WARNING:pe_image_reader.cc(340)] could not read dos header from C:\Windows\System32\SHELL32.dll
[0530/111815.630:ERROR:process_memory_win.cc(73)] ReadMemory at 0x7ffb50bd0000 of 64 bytes failed: Only part of a ReadProcessMemory or WriteProcessMemory request was completed. (0x12B)
[0530/111815.630:WARNING:pe_image_reader.cc(340)] could not read dos header from C:\Windows\System32\windows.storage.dll
[0530/111815.630:ERROR:process_memory_win.cc(73)] ReadMemory at 0x7ffb50280000 of 64 bytes failed: Only part of a ReadProcessMemory or WriteProcessMemory request was completed. (0x12B)
[0530/111815.630:WARNING:pe_image_reader.cc(340)] could not read dos header from C:\Windows\System32\powrprof.dll
[0530/111815.630:ERROR:process_memory_win.cc(73)] ReadMemory at 0x7ffb50200000 of 64 bytes failed: Only part of a ReadProcessMemory or WriteProcessMemory request was completed. (0x12B)
[0530/111815.630:WARNING:pe_image_reader.cc(340)] could not read dos header from C:\Windows\System32\UMPDC.dll
[0530/111815.630:ERROR:process_memory_win.cc(73)] ReadMemory at 0x7ffb51fc0000 of 64 bytes failed: Only part of a ReadProcessMemory or WriteProcessMemory request was completed. (0x12B)
[0530/111815.630:WARNING:pe_image_reader.cc(340)] could not read dos header from C:\Windows\System32\shlwapi.dll
[0530/111815.630:ERROR:process_memory_win.cc(73)] ReadMemory at 0x7ffb52030000 of 64 bytes failed: Only part of a ReadProcessMemory or WriteProcessMemory request was completed. (0x12B)
[0530/111815.630:WARNING:pe_image_reader.cc(340)] could not read dos header from C:\Windows\System32\GDI32.dll
[0530/111815.630:ERROR:process_memory_win.cc(73)] ReadMemory at 0x7ffb506c0000 of 64 bytes failed: Only part of a ReadProcessMemory or WriteProcessMemory request was completed. (0x12B)
[0530/111815.630:WARNING:pe_image_reader.cc(340)] could not read dos header from C:\Windows\System32\win32u.dll
[0530/111815.630:ERROR:process_memory_win.cc(73)] ReadMemory at 0x7ffb50520000 of 64 bytes failed: Only part of a ReadProcessMemory or WriteProcessMemory request was completed. (0x12B)
[0530/111815.630:WARNING:pe_image_reader.cc(340)] could not read dos header from C:\Windows\System32\gdi32full.dll
[0530/111815.630:ERROR:process_memory_win.cc(73)] ReadMemory at 0x7ffb51e20000 of 64 bytes failed: Only part of a ReadProcessMemory or WriteProcessMemory request was completed. (0x12B)
[0530/111815.630:WARNING:pe_image_reader.cc(340)] could not read dos header from C:\Windows\System32\USER32.dll
[0530/111815.630:ERROR:process_memory_win.cc(73)] ReadMemory at 0x7ffb51350000 of 64 bytes failed: Only part of a ReadProcessMemory or WriteProcessMemory request was completed. (0x12B)
[0530/111815.630:WARNING:pe_image_reader.cc(340)] could not read dos header from C:\Windows\System32\cryptsp.dll
[0530/111815.630:ERROR:process_memory_win.cc(73)] ReadMemory at 0x7ffb52790000 of 64 bytes failed: Only part of a ReadProcessMemory or WriteProcessMemory request was completed. (0x12B)
[0530/111815.630:WARNING:pe_image_reader.cc(340)] could not read dos header from C:\Windows\System32\IMM32.DLL
[0530/111815.631:ERROR:process_memory_win.cc(73)] ReadMemory at 0x7ffb4fc40000 of 64 bytes failed: Only part of a ReadProcessMemory or WriteProcessMemory request was completed. (0x12B)
[0530/111815.631:WARNING:pe_image_reader.cc(340)] could not read dos header from C:\Windows\SYSTEM32\CRYPTBASE.DLL
[0530/111815.641:ERROR:process_memory_win.cc(73)] ReadMemory at 0x198abf9000 of 28672 bytes failed: Only part of a ReadProcessMemory or WriteProcessMemory request was completed. (0x12B)
[0530/111815.642:ERROR:process_memory_win.cc(73)] ReadMemory at 0x198b3fd000 of 12288 bytes failed: Only part of a ReadProcessMemory or WriteProcessMemory request was completed. (0x12B)
[0530/111815.642:ERROR:process_memory_win.cc(73)] ReadMemory at 0x198bbfc000 of 16384 bytes failed: Only part of a ReadProcessMemory or WriteProcessMemory request was completed. (0x12B)
[0530/111815.642:ERROR:process_memory_win.cc(73)] ReadMemory at 0x198c3fc000 of 16384 bytes failed: Only part of a ReadProcessMemory or WriteProcessMemory request was completed. (0x12B)
[0530/111815.642:ERROR:process_memory_win.cc(73)] ReadMemory at 0x198cbfc000 of 16384 bytes failed: Only part of a ReadProcessMemory or WriteProcessMemory request was completed. (0x12B)
[0530/111815.642:ERROR:process_memory_win.cc(73)] ReadMemory at 0x198d3fe000 of 8192 bytes failed: Only part of a ReadProcessMemory or WriteProcessMemory request was completed. (0x12B)
[0530/111815.642:ERROR:process_memory_win.cc(73)] ReadMemory at 0x198dbfd000 of 12288 bytes failed: Only part of a ReadProcessMemory or WriteProcessMemory request was completed. (0x12B)
[0530/111815.642:ERROR:process_memory_win.cc(73)] ReadMemory at 0x198e3fb000 of 20480 bytes failed: Only part of a ReadProcessMemory or WriteProcessMemory request was completed. (0x12B)
[0530/111815.643:ERROR:process_memory_win.cc(73)] ReadMemory at 0x198ebfd000 of 12288 bytes failed: Only part of a ReadProcessMemory or WriteProcessMemory request was completed. (0x12B)
[0530/111815.643:ERROR:process_memory_win.cc(73)] ReadMemory at 0x198f3fd000 of 12288 bytes failed: Only part of a ReadProcessMemory or WriteProcessMemory request was completed. (0x12B)
[0530/111815.643:ERROR:process_memory_win.cc(73)] ReadMemory at 0x198fbfd000 of 12288 bytes failed: Only part of a ReadProcessMemory or WriteProcessMemory request was completed. (0x12B)
[0530/111815.643:ERROR:process_memory_win.cc(73)] ReadMemory at 0x19903fd000 of 12288 bytes failed: Only part of a ReadProcessMemory or WriteProcessMemory request was completed. (0x12B)
[0530/111815.644:ERROR:process_memory_win.cc(73)] ReadMemory at 0x1990bfd000 of 12288 bytes failed: Only part of a ReadProcessMemory or WriteProcessMemory request was completed. (0x12B)
[0530/111815.644:ERROR:process_memory_win.cc(73)] ReadMemory at 0x19913fd000 of 12288 bytes failed: Only part of a ReadProcessMemory or WriteProcessMemory request was completed. (0x12B)
[0530/111815.644:ERROR:process_memory_win.cc(73)] ReadMemory at 0x1991bfd000 of 12288 bytes failed: Only part of a ReadProcessMemory or WriteProcessMemory request was completed. (0x12B)
[0530/111815.644:ERROR:process_memory_win.cc(73)] ReadMemory at 0x198a210000 of 852 bytes failed: Only part of a ReadProcessMemory or WriteProcessMemory request was completed. (0x12B)
[0530/111815.644:ERROR:process_memory_win.cc(73)] ReadMemory at 0x198a210f80 of 6152 bytes failed: Only part of a ReadProcessMemory or WriteProcessMemory request was completed. (0x12B)
[0530/111815.645:ERROR:process_memory_win.cc(73)] ReadMemory at 0x198a213000 of 6024 bytes failed: Only part of a ReadProcessMemory or WriteProcessMemory request was completed. (0x12B)
[0530/111815.645:ERROR:process_memory_win.cc(73)] ReadMemory at 0x198a215000 of 6024 bytes failed: Only part of a ReadProcessMemory or WriteProcessMemory request was completed. (0x12B)
[0530/111815.645:ERROR:process_memory_win.cc(73)] ReadMemory at 0x198a217000 of 6024 bytes failed: Only part of a ReadProcessMemory or WriteProcessMemory request was completed. (0x12B)
[0530/111815.645:ERROR:process_memory_win.cc(73)] ReadMemory at 0x198a219000 of 6024 bytes failed: Only part of a ReadProcessMemory or WriteProcessMemory request was completed. (0x12B)
[0530/111815.645:ERROR:process_memory_win.cc(73)] ReadMemory at 0x198a21b000 of 6024 bytes failed: Only part of a ReadProcessMemory or WriteProcessMemory request was completed. (0x12B)
[0530/111815.645:ERROR:process_memory_win.cc(73)] ReadMemory at 0x198a21d000 of 6024 bytes failed: Only part of a ReadProcessMemory or WriteProcessMemory request was completed. (0x12B)
[0530/111815.645:ERROR:process_memory_win.cc(73)] ReadMemory at 0x198a21f000 of 6024 bytes failed: Only part of a ReadProcessMemory or WriteProcessMemory request was completed. (0x12B)
[0530/111815.645:ERROR:process_memory_win.cc(73)] ReadMemory at 0x198a221000 of 6024 bytes failed: Only part of a ReadProcessMemory or WriteProcessMemory request was completed. (0x12B)
[0530/111815.645:ERROR:process_memory_win.cc(73)] ReadMemory at 0x198a223000 of 6024 bytes failed: Only part of a ReadProcessMemory or WriteProcessMemory request was completed. (0x12B)
[0530/111815.645:ERROR:process_memory_win.cc(73)] ReadMemory at 0x198a225000 of 6024 bytes failed: Only part of a ReadProcessMemory or WriteProcessMemory request was completed. (0x12B)
[0530/111815.645:ERROR:process_memory_win.cc(73)] ReadMemory at 0x198a227000 of 6024 bytes failed: Only part of a ReadProcessMemory or WriteProcessMemory request was completed. (0x12B)
[0530/111815.645:ERROR:process_memory_win.cc(73)] ReadMemory at 0x198a229000 of 6024 bytes failed: Only part of a ReadProcessMemory or WriteProcessMemory request was completed. (0x12B)
[0530/111815.645:ERROR:process_memory_win.cc(73)] ReadMemory at 0x198a22b000 of 6024 bytes failed: Only part of a ReadProcessMemory or WriteProcessMemory request was completed. (0x12B)
[0530/111815.646:ERROR:process_memory_win.cc(73)] ReadMemory at 0x198a22d000 of 6024 bytes failed: Only part of a ReadProcessMemory or WriteProcessMemory request was completed. (0x12B)
[0530/111815.646:ERROR:process_memory_win.cc(73)] ReadMemory at 0x2178d140750 of 80 bytes failed: Only part of a ReadProcessMemory or WriteProcessMemory request was completed. (0x12B)
[0530/111815.646:ERROR:process_memory_win.cc(73)] ReadMemory at 0x2178d140fe0 of 4964 bytes failed: Only part of a ReadProcessMemory or WriteProcessMemory request was completed. (0x12B)
[0530/111815.646:ERROR:process_memory_win.cc(73)] ReadMemory at 0x2178d142350 of 1012 bytes failed: Only part of a ReadProcessMemory or WriteProcessMemory request was completed. (0x12B)
[0530/111815.646:ERROR:process_memory_win.cc(73)] ReadMemory at 0x2178d142998 of 118 bytes failed: Only part of a ReadProcessMemory or WriteProcessMemory request was completed. (0x12B)
[0530/111815.646:ERROR:process_memory_win.cc(73)] ReadMemory at 0x2178d142a10 of 1264 bytes failed: Only part of a ReadProcessMemory or WriteProcessMemory request was completed. (0x12B)
[0530/111815.646:ERROR:process_memory_win.cc(73)] ReadMemory at 0x2178d142f02 of 118 bytes failed: Only part of a ReadProcessMemory or WriteProcessMemory request was completed. (0x12B)
[0530/111815.646:ERROR:process_memory_win.cc(73)] ReadMemory at 0x2178d142f7a of 96 bytes failed: Only part of a ReadProcessMemory or WriteProcessMemory request was completed. (0x12B)
[0530/111815.646:ERROR:process_memory_win.cc(73)] ReadMemory at 0x2178d142ff0 of 58 bytes failed: Only part of a ReadProcessMemory or WriteProcessMemory request was completed. (0x12B)
[0530/111815.646:ERROR:process_memory_win.cc(73)] ReadMemory at 0x2178d1430f0 of 132 bytes failed: Only part of a ReadProcessMemory or WriteProcessMemory request was completed. (0x12B)
[0530/111815.646:ERROR:process_memory_win.cc(73)] ReadMemory at 0x2178d143280 of 132 bytes failed: Only part of a ReadProcessMemory or WriteProcessMemory request was completed. (0x12B)
[0530/111815.646:ERROR:process_memory_win.cc(73)] ReadMemory at 0x2178d143440 of 124 bytes failed: Only part of a ReadProcessMemory or WriteProcessMemory request was completed. (0x12B)
[0530/111815.647:ERROR:process_memory_win.cc(73)] ReadMemory at 0x2178d143820 of 132 bytes failed: Only part of a ReadProcessMemory or WriteProcessMemory request was completed. (0x12B)
[0530/111815.647:ERROR:process_memory_win.cc(73)] ReadMemory at 0x2178d1439b0 of 64 bytes failed: Only part of a ReadProcessMemory or WriteProcessMemory request was completed. (0x12B)
[0530/111815.647:ERROR:process_memory_win.cc(73)] ReadMemory at 0x2178d143b70 of 132 bytes failed: Only part of a ReadProcessMemory or WriteProcessMemory request was completed. (0x12B)
[0530/111815.647:ERROR:process_memory_win.cc(73)] ReadMemory at 0x2178d143e10 of 132 bytes failed: Only part of a ReadProcessMemory or WriteProcessMemory request was completed. (0x12B)
[0530/111815.647:ERROR:process_memory_win.cc(73)] ReadMemory at 0x2178d143fa0 of 68 bytes failed: Only part of a ReadProcessMemory or WriteProcessMemory request was completed. (0x12B)
[0530/111815.647:ERROR:process_memory_win.cc(73)] ReadMemory at 0x2178d145170 of 132 bytes failed: Only part of a ReadProcessMemory or WriteProcessMemory request was completed. (0x12B)
[0530/111815.647:ERROR:process_memory_win.cc(73)] ReadMemory at 0x2178d145300 of 152 bytes failed: Only part of a ReadProcessMemory or WriteProcessMemory request was completed. (0x12B)
[0530/111815.647:ERROR:process_memory_win.cc(73)] ReadMemory at 0x2178d146070 of 144 bytes failed: Only part of a ReadProcessMemory or WriteProcessMemory request was completed. (0x12B)
[0530/111815.647:ERROR:process_memory_win.cc(73)] ReadMemory at 0x2178d146150 of 132 bytes failed: Only part of a ReadProcessMemory or WriteProcessMemory request was completed. (0x12B)
[0530/111815.647:ERROR:process_memory_win.cc(73)] ReadMemory at 0x2178d1462e0 of 60 bytes failed: Only part of a ReadProcessMemory or WriteProcessMemory request was completed. (0x12B)
[0530/111815.647:ERROR:process_memory_win.cc(73)] ReadMemory at 0x2178d146f60 of 62 bytes failed: Only part of a ReadProcessMemory or WriteProcessMemory request was completed. (0x12B)
[0530/111815.648:ERROR:process_memory_win.cc(73)] ReadMemory at 0x2178d148510 of 132 bytes failed: Only part of a ReadProcessMemory or WriteProcessMemory request was completed. (0x12B)
[0530/111815.648:ERROR:process_memory_win.cc(73)] ReadMemory at 0x2178d148900 of 132 bytes failed: Only part of a ReadProcessMemory or WriteProcessMemory request was completed. (0x12B)
[0530/111815.648:ERROR:process_memory_win.cc(73)] ReadMemory at 0x2178d14ba80 of 60 bytes failed: Only part of a ReadProcessMemory or WriteProcessMemory request was completed. (0x12B)
[0530/111815.648:ERROR:process_memory_win.cc(73)] ReadMemory at 0x2178d14bad0 of 62 bytes failed: Only part of a ReadProcessMemory or WriteProcessMemory request was completed. (0x12B)
[0530/111815.648:ERROR:process_memory_win.cc(73)] ReadMemory at 0x2178d14bc60 of 64 bytes failed: Only part of a ReadProcessMemory or WriteProcessMemory request was completed. (0x12B)
[0530/111815.648:ERROR:process_memory_win.cc(73)] ReadMemory at 0x2178d14bd00 of 66 bytes failed: Only part of a ReadProcessMemory or WriteProcessMemory request was completed. (0x12B)
[0530/111815.648:ERROR:process_memory_win.cc(73)] ReadMemory at 0x2178d14bd50 of 62 bytes failed: Only part of a ReadProcessMemory or WriteProcessMemory request was completed. (0x12B)
[0530/111815.648:ERROR:process_memory_win.cc(73)] ReadMemory at 0x2178d14bda0 of 64 bytes failed: Only part of a ReadProcessMemory or WriteProcessMemory request was completed. (0x12B)
[0530/111815.648:ERROR:process_memory_win.cc(73)] ReadMemory at 0x2178d14bdf0 of 64 bytes failed: Only part of a ReadProcessMemory or WriteProcessMemory request was completed. (0x12B)
[0530/111815.648:ERROR:process_memory_win.cc(73)] ReadMemory at 0x2178d14be40 of 64 bytes failed: Only part of a ReadProcessMemory or WriteProcessMemory request was completed. (0x12B)
[0530/111815.648:ERROR:process_memory_win.cc(73)] ReadMemory at 0x2178d14bee0 of 60 bytes failed: Only part of a ReadProcessMemory or WriteProcessMemory request was completed. (0x12B)
[0530/111815.648:ERROR:process_memory_win.cc(73)] ReadMemory at 0x2178d14c460 of 80 bytes failed: Only part of a ReadProcessMemory or WriteProcessMemory request was completed. (0x12B)
[0530/111815.648:ERROR:process_memory_win.cc(73)] ReadMemory at 0x2178d14c640 of 78 bytes failed: Only part of a ReadProcessMemory or WriteProcessMemory request was completed. (0x12B)
[0530/111815.649:ERROR:process_memory_win.cc(73)] ReadMemory at 0x2178d14d240 of 76 bytes failed: Only part of a ReadProcessMemory or WriteProcessMemory request was completed. (0x12B)
[0530/111815.649:ERROR:process_memory_win.cc(73)] ReadMemory at 0x2178d14e950 of 132 bytes failed: Only part of a ReadProcessMemory or WriteProcessMemory request was completed. (0x12B)
[0530/111815.649:ERROR:process_memory_win.cc(73)] ReadMemory at 0x2178d14ea80 of 132 bytes failed: Only part of a ReadProcessMemory or WriteProcessMemory request was completed. (0x12B)
[0530/111815.649:ERROR:process_memory_win.cc(73)] ReadMemory at 0x2178d14ebb0 of 132 bytes failed: Only part of a ReadProcessMemory or WriteProcessMemory request was completed. (0x12B)
[0530/111815.649:ERROR:process_memory_win.cc(73)] ReadMemory at 0x2178d14f770 of 132 bytes failed: Only part of a ReadProcessMemory or WriteProcessMemory request was completed. (0x12B)
[0530/111815.649:ERROR:process_memory_win.cc(73)] ReadMemory at 0x2178d1507b0 of 54 bytes failed: Only part of a ReadProcessMemory or WriteProcessMemory request was completed. (0x12B)
[0530/111815.649:ERROR:process_memory_win.cc(73)] ReadMemory at 0x2178d152540 of 132 bytes failed: Only part of a ReadProcessMemory or WriteProcessMemory request was completed. (0x12B)
[0530/111815.649:ERROR:process_memory_win.cc(73)] ReadMemory at 0x2178d152670 of 132 bytes failed: Only part of a ReadProcessMemory or WriteProcessMemory request was completed. (0x12B)
[0530/111815.649:ERROR:process_memory_win.cc(73)] ReadMemory at 0x2178d1543a0 of 132 bytes failed: Only part of a ReadProcessMemory or WriteProcessMemory request was completed. (0x12B)
[0530/111815.649:ERROR:process_memory_win.cc(73)] ReadMemory at 0x2178d154ce0 of 132 bytes failed: Only part of a ReadProcessMemory or WriteProcessMemory request was completed. (0x12B)
[0530/111815.649:ERROR:process_memory_win.cc(73)] ReadMemory at 0x2178d155010 of 132 bytes failed: Only part of a ReadProcessMemory or WriteProcessMemory request was completed. (0x12B)
[0530/111815.649:ERROR:process_memory_win.cc(73)] ReadMemory at 0x2178d155140 of 132 bytes failed: Only part of a ReadProcessMemory or WriteProcessMemory request was completed. (0x12B)
[0530/111815.649:ERROR:process_memory_win.cc(73)] ReadMemory at 0x2178d155270 of 132 bytes failed: Only part of a ReadProcessMemory or WriteProcessMemory request was completed. (0x12B)
[0530/111815.650:ERROR:process_memory_win.cc(73)] ReadMemory at 0x2178d1553a0 of 132 bytes failed: Only part of a ReadProcessMemory or WriteProcessMemory request was completed. (0x12B)
[0530/111815.650:ERROR:process_memory_win.cc(73)] ReadMemory at 0x2178d1554d0 of 132 bytes failed: Only part of a ReadProcessMemory or WriteProcessMemory request was completed. (0x12B)
[0530/111815.650:ERROR:process_memory_win.cc(73)] ReadMemory at 0x2178d155600 of 132 bytes failed: Only part of a ReadProcessMemory or WriteProcessMemory request was completed. (0x12B)
[0530/111815.650:ERROR:process_memory_win.cc(73)] ReadMemory at 0x2178d155730 of 132 bytes failed: Only part of a ReadProcessMemory or WriteProcessMemory request was completed. (0x12B)
[0530/111815.650:ERROR:process_memory_win.cc(73)] ReadMemory at 0x2178d155990 of 132 bytes failed: Only part of a ReadProcessMemory or WriteProcessMemory request was completed. (0x12B)
[0530/111815.650:ERROR:process_memory_win.cc(73)] ReadMemory at 0x2178d155ac0 of 132 bytes failed: Only part of a ReadProcessMemory or WriteProcessMemory request was completed. (0x12B)
[0530/111815.650:ERROR:process_memory_win.cc(73)] ReadMemory at 0x2178d155bf0 of 132 bytes failed: Only part of a ReadProcessMemory or WriteProcessMemory request was completed. (0x12B)
[0530/111815.650:ERROR:process_memory_win.cc(73)] ReadMemory at 0x2178d155d20 of 132 bytes failed: Only part of a ReadProcessMemory or WriteProcessMemory request was completed. (0x12B)
[0530/111815.650:ERROR:process_memory_win.cc(73)] ReadMemory at 0x2178d155e50 of 132 bytes failed: Only part of a ReadProcessMemory or WriteProcessMemory request was completed. (0x12B)
[0530/111815.650:ERROR:process_memory_win.cc(73)] ReadMemory at 0x2178d1562a0 of 60 bytes failed: Only part of a ReadProcessMemory or WriteProcessMemory request was completed. (0x12B)
[0530/111815.650:ERROR:process_memory_win.cc(73)] ReadMemory at 0x2178d156340 of 62 bytes failed: Only part of a ReadProcessMemory or WriteProcessMemory request was completed. (0x12B)
[0530/111815.650:ERROR:process_memory_win.cc(73)] ReadMemory at 0x2178d156390 of 64 bytes failed: Only part of a ReadProcessMemory or WriteProcessMemory request was completed. (0x12B)
[0530/111815.650:ERROR:process_memory_win.cc(73)] ReadMemory at 0x2178d1563e0 of 62 bytes failed: Only part of a ReadProcessMemory or WriteProcessMemory request was completed. (0x12B)
[0530/111815.650:ERROR:process_memory_win.cc(73)] ReadMemory at 0x2178d156480 of 62 bytes failed: Only part of a ReadProcessMemory or WriteProcessMemory request was completed. (0x12B)
[0530/111815.651:ERROR:process_memory_win.cc(73)] ReadMemory at 0x2178d156570 of 62 bytes failed: Only part of a ReadProcessMemory or WriteProcessMemory request was completed. (0x12B)
[0530/111815.651:ERROR:process_memory_win.cc(73)] ReadMemory at 0x2178d1566b0 of 64 bytes failed: Only part of a ReadProcessMemory or WriteProcessMemory request was completed. (0x12B)
[0530/111815.651:ERROR:process_memory_win.cc(73)] ReadMemory at 0x2178d156700 of 58 bytes failed: Only part of a ReadProcessMemory or WriteProcessMemory request was completed. (0x12B)
[0530/111815.651:ERROR:process_memory_win.cc(73)] ReadMemory at 0x2178d156750 of 60 bytes failed: Only part of a ReadProcessMemory or WriteProcessMemory request was completed. (0x12B)
[0530/111815.651:ERROR:process_memory_win.cc(73)] ReadMemory at 0x2178d156840 of 60 bytes failed: Only part of a ReadProcessMemory or WriteProcessMemory request was completed. (0x12B)
[0530/111815.651:ERROR:process_memory_win.cc(73)] ReadMemory at 0x2178d156930 of 64 bytes failed: Only part of a ReadProcessMemory or WriteProcessMemory request was completed. (0x12B)
[0530/111815.651:ERROR:process_memory_win.cc(73)] ReadMemory at 0x2178d156980 of 64 bytes failed: Only part of a ReadProcessMemory or WriteProcessMemory request was completed. (0x12B)
[0530/111815.651:ERROR:process_memory_win.cc(73)] ReadMemory at 0x2178d156a70 of 62 bytes failed: Only part of a ReadProcessMemory or WriteProcessMemory request was completed. (0x12B)
[0530/111815.651:ERROR:process_memory_win.cc(73)] ReadMemory at 0x2178d156c50 of 66 bytes failed: Only part of a ReadProcessMemory or WriteProcessMemory request was completed. (0x12B)
[0530/111815.651:ERROR:process_memory_win.cc(73)] ReadMemory at 0x2178d156ca0 of 62 bytes failed: Only part of a ReadProcessMemory or WriteProcessMemory request was completed. (0x12B)
[0530/111815.651:ERROR:process_memory_win.cc(73)] ReadMemory at 0x2178d156cf0 of 60 bytes failed: Only part of a ReadProcessMemory or WriteProcessMemory request was completed. (0x12B)
[0530/111815.651:ERROR:process_memory_win.cc(73)] ReadMemory at 0x2178d156d40 of 62 bytes failed: Only part of a ReadProcessMemory or WriteProcessMemory request was completed. (0x12B)
[0530/111815.651:ERROR:process_memory_win.cc(73)] ReadMemory at 0x2178d156d90 of 62 bytes failed: Only part of a ReadProcessMemory or WriteProcessMemory request was completed. (0x12B)
[0530/111815.651:ERROR:process_memory_win.cc(73)] ReadMemory at 0x2178d156e80 of 62 bytes failed: Only part of a ReadProcessMemory or WriteProcessMemory request was completed. (0x12B)
[0530/111815.652:ERROR:process_memory_win.cc(73)] ReadMemory at 0x2178d157030 of 132 bytes failed: Only part of a ReadProcessMemory or WriteProcessMemory request was completed. (0x12B)
[0530/111815.652:ERROR:process_memory_win.cc(73)] ReadMemory at 0x2178d157160 of 132 bytes failed: Only part of a ReadProcessMemory or WriteProcessMemory request was completed. (0x12B)
[0530/111815.652:ERROR:process_memory_win.cc(73)] ReadMemory at 0x2178d157290 of 132 bytes failed: Only part of a ReadProcessMemory or WriteProcessMemory request was completed. (0x12B)
[0530/111815.652:ERROR:process_memory_win.cc(73)] ReadMemory at 0x2178d1573c0 of 132 bytes failed: Only part of a ReadProcessMemory or WriteProcessMemory request was completed. (0x12B)
[0530/111815.652:ERROR:process_memory_win.cc(73)] ReadMemory at 0x2178d157620 of 132 bytes failed: Only part of a ReadProcessMemory or WriteProcessMemory request was completed. (0x12B)
[0530/111815.652:ERROR:process_memory_win.cc(73)] ReadMemory at 0x2178d157750 of 132 bytes failed: Only part of a ReadProcessMemory or WriteProcessMemory request was completed. (0x12B)
[0530/111815.652:ERROR:process_memory_win.cc(73)] ReadMemory at 0x2178d157880 of 132 bytes failed: Only part of a ReadProcessMemory or WriteProcessMemory request was completed. (0x12B)
[0530/111815.652:ERROR:process_memory_win.cc(73)] ReadMemory at 0x2178d157ae0 of 132 bytes failed: Only part of a ReadProcessMemory or WriteProcessMemory request was completed. (0x12B)
[0530/111815.652:ERROR:process_memory_win.cc(73)] ReadMemory at 0x2178d157c10 of 132 bytes failed: Only part of a ReadProcessMemory or WriteProcessMemory request was completed. (0x12B)
[0530/111815.652:ERROR:process_memory_win.cc(73)] ReadMemory at 0x2178d157fa0 of 132 bytes failed: Only part of a ReadProcessMemory or WriteProcessMemory request was completed. (0x12B)
[0530/111815.652:ERROR:process_memory_win.cc(73)] ReadMemory at 0x2178d1580d0 of 132 bytes failed: Only part of a ReadProcessMemory or WriteProcessMemory request was completed. (0x12B)
[0530/111815.652:ERROR:process_memory_win.cc(73)] ReadMemory at 0x2178d158330 of 132 bytes failed: Only part of a ReadProcessMemory or WriteProcessMemory request was completed. (0x12B)
[0530/111815.652:ERROR:process_memory_win.cc(73)] ReadMemory at 0x2178d158460 of 132 bytes failed: Only part of a ReadProcessMemory or WriteProcessMemory request was completed. (0x12B)
[0530/111815.653:ERROR:process_memory_win.cc(73)] ReadMemory at 0x2178d158590 of 132 bytes failed: Only part of a ReadProcessMemory or WriteProcessMemory request was completed. (0x12B)
[0530/111815.653:ERROR:process_memory_win.cc(73)] ReadMemory at 0x2178d1586c0 of 132 bytes failed: Only part of a ReadProcessMemory or WriteProcessMemory request was completed. (0x12B)
[0530/111815.653:ERROR:process_memory_win.cc(73)] ReadMemory at 0x2178d1587f0 of 132 bytes failed: Only part of a ReadProcessMemory or WriteProcessMemory request was completed. (0x12B)
[0530/111815.653:ERROR:process_memory_win.cc(73)] ReadMemory at 0x2178d158920 of 132 bytes failed: Only part of a ReadProcessMemory or WriteProcessMemory request was completed. (0x12B)
[0530/111815.653:ERROR:process_memory_win.cc(73)] ReadMemory at 0x2178d158a50 of 132 bytes failed: Only part of a ReadProcessMemory or WriteProcessMemory request was completed. (0x12B)
[0530/111815.653:ERROR:process_memory_win.cc(73)] ReadMemory at 0x2178d158b80 of 132 bytes failed: Only part of a ReadProcessMemory or WriteProcessMemory request was completed. (0x12B)
[0530/111815.653:ERROR:process_memory_win.cc(73)] ReadMemory at 0x2178d158cb0 of 132 bytes failed: Only part of a ReadProcessMemory or WriteProcessMemory request was completed. (0x12B)
[0530/111815.653:ERROR:process_memory_win.cc(73)] ReadMemory at 0x2178d158de0 of 132 bytes failed: Only part of a ReadProcessMemory or WriteProcessMemory request was completed. (0x12B)
[0530/111815.653:ERROR:process_memory_win.cc(73)] ReadMemory at 0x2178d16d000 of 60 bytes failed: Only part of a ReadProcessMemory or WriteProcessMemory request was completed. (0x12B)
[0530/111815.653:ERROR:process_memory_win.cc(73)] ReadMemory at 0x2178d16d140 of 62 bytes failed: Only part of a ReadProcessMemory or WriteProcessMemory request was completed. (0x12B)
[0530/111815.653:ERROR:process_memory_win.cc(73)] ReadMemory at 0x2178d16d4b0 of 58 bytes failed: Only part of a ReadProcessMemory or WriteProcessMemory request was completed. (0x12B)
[0530/111815.653:ERROR:process_memory_win.cc(73)] ReadMemory at 0x2178d16d500 of 62 bytes failed: Only part of a ReadProcessMemory or WriteProcessMemory request was completed. (0x12B)
[0530/111815.653:ERROR:process_memory_win.cc(73)] ReadMemory at 0x2178d16d910 of 66 bytes failed: Only part of a ReadProcessMemory or WriteProcessMemory request was completed. (0x12B)
[0530/111815.653:ERROR:process_memory_win.cc(73)] ReadMemory at 0x2178d16da00 of 60 bytes failed: Only part of a ReadProcessMemory or WriteProcessMemory request was completed. (0x12B)
[0530/111815.654:ERROR:process_memory_win.cc(73)] ReadMemory at 0x2178d16daf0 of 58 bytes failed: Only part of a ReadProcessMemory or WriteProcessMemory request was completed. (0x12B)
[0530/111815.654:ERROR:process_memory_win.cc(73)] ReadMemory at 0x2178d16db90 of 64 bytes failed: Only part of a ReadProcessMemory or WriteProcessMemory request was completed. (0x12B)
[0530/111815.654:ERROR:process_memory_win.cc(73)] ReadMemory at 0x2178d16ddc0 of 58 bytes failed: Only part of a ReadProcessMemory or WriteProcessMemory request was completed. (0x12B)
[0530/111815.654:ERROR:process_memory_win.cc(73)] ReadMemory at 0x2178d1720a0 of 512 bytes failed: Only part of a ReadProcessMemory or WriteProcessMemory request was completed. (0x12B)
[0530/111815.654:ERROR:process_memory_win.cc(73)] ReadMemory at 0x2178d178dd0 of 512 bytes failed: Only part of a ReadProcessMemory or WriteProcessMemory request was completed. (0x12B)
[0530/111815.654:ERROR:process_memory_win.cc(73)] ReadMemory at 0x2178d179b80 of 512 bytes failed: Only part of a ReadProcessMemory or WriteProcessMemory request was completed. (0x12B)
[0530/111815.654:ERROR:process_memory_win.cc(73)] ReadMemory at 0x2178d370d00 of 1472 bytes failed: Only part of a ReadProcessMemory or WriteProcessMemory request was completed. (0x12B)
[0530/111815.654:ERROR:process_memory_win.cc(73)] ReadMemory at 0x2178d730030 of 512 bytes failed: Only part of a ReadProcessMemory or WriteProcessMemory request was completed. (0x12B)
[0530/111815.654:ERROR:process_memory_win.cc(73)] ReadMemory at 0x2178d750830 of 512 bytes failed: Only part of a ReadProcessMemory or WriteProcessMemory request was completed. (0x12B)
[0530/111815.654:ERROR:process_memory_win.cc(73)] ReadMemory at 0x2178d758a30 of 512 bytes failed: Only part of a ReadProcessMemory or WriteProcessMemory request was completed. (0x12B)
[0530/111815.654:ERROR:process_memory_win.cc(73)] ReadMemory at 0x2178d759200 of 512 bytes failed: Only part of a ReadProcessMemory or WriteProcessMemory request was completed. (0x12B)
[0530/111815.654:ERROR:process_memory_win.cc(73)] ReadMemory at 0x2178d75e550 of 712 bytes failed: Only part of a ReadProcessMemory or WriteProcessMemory request was completed. (0x12B)
[0530/111815.655:ERROR:process_memory_win.cc(73)] ReadMemory at 0x2178d7944a0 of 512 bytes failed: Only part of a ReadProcessMemory or WriteProcessMemory request was completed. (0x12B)
[0530/111815.655:ERROR:process_memory_win.cc(73)] ReadMemory at 0x2d6605c88d08 of 512 bytes failed: Only part of a ReadProcessMemory or WriteProcessMemory request was completed. (0x12B)
[0530/111815.655:ERROR:process_memory_win.cc(73)] ReadMemory at 0x7ffb045e806c of 512 bytes failed: Only part of a ReadProcessMemory or WriteProcessMemory request was completed. (0x12B)
[0530/111815.655:ERROR:process_memory_win.cc(73)] ReadMemory at 0x7ffb05515b61 of 512 bytes failed: Only part of a ReadProcessMemory or WriteProcessMemory request was completed. (0x12B)
[0530/111815.655:ERROR:process_memory_win.cc(73)] ReadMemory at 0x7ffb09769568 of 512 bytes failed: Only part of a ReadProcessMemory or WriteProcessMemory request was completed. (0x12B)
[0530/111815.655:ERROR:process_memory_win.cc(73)] ReadMemory at 0x7ffb509ac6e0 of 512 bytes failed: Only part of a ReadProcessMemory or WriteProcessMemory request was completed. (0x12B)
[0530/111815.655:ERROR:process_memory_win.cc(73)] ReadMemory at 0x7ffb533dc074 of 672 bytes failed: Only part of a ReadProcessMemory or WriteProcessMemory request was completed. (0x12B)
[0530/111815.655:ERROR:process_memory_win.cc(73)] ReadMemory at 0x7ffb533dc674 of 512 bytes failed: Only part of a ReadProcessMemory or WriteProcessMemory request was completed. (0x12B)
[0530/111815.655:ERROR:process_memory_win.cc(73)] ReadMemory at 0x7ffb533df924 of 608 bytes failed: Only part of a ReadProcessMemory or WriteProcessMemory request was completed. (0x12B)
[0530/111815.655:ERROR:process_memory_win.cc(73)] ReadMemory at 0x7ffb5346c428 of 18 bytes failed: Only part of a ReadProcessMemory or WriteProcessMemory request was completed. (0x12B)
[0530/111815.655:ERROR:process_memory_win.cc(73)] ReadMemory at 0x7ffb5349f4f8 of 40 bytes failed: Only part of a ReadProcessMemory or WriteProcessMemory request was completed. (0x12B)
[0530/111815.655:ERROR:process_memory_win.cc(73)] ReadMemory at 0x7ffb5349f978 of 48 bytes failed: Only part of a ReadProcessMemory or WriteProcessMemory request was completed. (0x12B)
[0530/111815.656:ERROR:process_memory_win.cc(73)] ReadMemory at 0x7ffb534a53c0 of 64 bytes failed: Only part of a ReadProcessMemory or WriteProcessMemory request was completed. (0x12B)
[0530/111815.657:ERROR:scoped_process_suspend.cc(40)] NtResumeProcess: An attempt was made to access an exiting process. (0xc000010a)
